Using pre-set license
Built from '2020.2/release' branch; Version is '2020.2.2f1 (068178b99f32) revision 426360'; Using compiler version '192528614'; Build Type 'Release'
OS: 'Windows 10 Home; OS build 18363.1316; Version 1909; 64bit' Language: 'en' Physical Memory: 16191 MB
BatchMode: 1, IsHumanControllingUs: 0, StartBugReporterOnCrash: 0, Is64bit: 1, IsPro: 0

 COMMAND LINE ARGUMENTS:
D:\UnityEditor\2020.2.2f1\Editor\Unity.exe
-adb2
-batchMode
-noUpm
-name
AssetImportWorker0
-projectPath
C:/Users/13854/AppData/Local/Temp/778681fc518c07040b51277dc7f5e775
-logFile
Logs/AssetImportWorker0.log
-srvPort
58735
Successfully changed project path to: C:/Users/13854/AppData/Local/Temp/778681fc518c07040b51277dc7f5e775
C:/Users/13854/AppData/Local/Temp/778681fc518c07040b51277dc7f5e775
Using Asset Import Pipeline V2.
Refreshing native plugins compatible for Editor in 95.96 ms, found 3 plugins.
Preloading 1 native plugins for Editor in 1.70 ms.
Initialize engine version: 2020.2.2f1 (068178b99f32)
[Subsystems] Discovering subsystems at path D:/UnityEditor/2020.2.2f1/Editor/Data/Resources/UnitySubsystems
[Subsystems] Discovering subsystems at path C:/Users/13854/AppData/Local/Temp/778681fc518c07040b51277dc7f5e775/Assets
GfxDevice: creating device client; threaded=0
Direct3D:
    Version:  Direct3D 11.0 [level 11.1]
    Renderer: NVIDIA GeForce GTX 1660 Ti (ID=0x2191)
    Vendor:   
    VRAM:     5991 MB
    Driver:   27.21.14.6140
Shader 'Universal Render Pipeline/Particles/Lit': fallback shader 'Universal Render Pipeline/Particles/SimpleLit' not found
Initialize mono
Mono path[0] = 'D:/UnityEditor/2020.2.2f1/Editor/Data/Managed'
Mono path[1] = 'D:/UnityEditor/2020.2.2f1/Editor/Data/MonoBleedingEdge/lib/mono/unityjit'
Mono config path = 'D:/UnityEditor/2020.2.2f1/Editor/Data/MonoBleedingEdge/etc'
Using monoOptions --debugger-agent=transport=dt_socket,embedding=1,server=y,suspend=n,address=127.0.0.1:56248
Begin MonoManager ReloadAssembly
Registering precompiled unity dll's ...
Register platform support module: D:/UnityEditor/2020.2.2f1/Editor/Data/PlaybackEngines/WebGLSupport/UnityEditor.WebGL.Extensions.dll
Register platform support module: D:/UnityEditor/2020.2.2f1/Editor/Data/PlaybackEngines/WindowsStandaloneSupport/UnityEditor.WindowsStandalone.Extensions.dll
Registered in 0.002128 seconds.
Native extension for WindowsStandalone target not found
Native extension for WebGL target not found
Refreshing native plugins compatible for Editor in 91.55 ms, found 3 plugins.
Preloading 1 native plugins for Editor in 0.17 ms.
Invoked RoslynAnalysisRunner static constructor.
RoslynAnalysisRunner will not be running.
RoslynAnalysisRunner has terminated.
Mono: successfully reloaded assembly
- Completed reload, in  2.359 seconds
Platform modules already initialized, skipping
Registering precompiled user dll's ...
Registered in 0.006861 seconds.
Begin MonoManager ReloadAssembly
Native extension for WindowsStandalone target not found
Native extension for WebGL target not found
Refreshing native plugins compatible for Editor in 335.36 ms, found 3 plugins.
Preloading 1 native plugins for Editor in 0.96 ms.
Invoked RoslynAnalysisRunner static constructor.
RoslynAnalysisRunner will not be running.
RoslynAnalysisRunner has terminated.
[XR] OculusXRPlugin: registering subsystems
[XR] Unable to register display lifecyle provider: [1]
[XR] Oculus Input lifecycle provider registered.
[XR] Unable to register input lifecyle provider: [1]
NullReferenceException: Object reference not set to an instance of an object
  at Unity.XR.Oculus.OculusLoader.AssetPathToAbsolutePath (System.String assetPath) [0x00048] in C:\Users\13854\AppData\Local\Temp\778681fc518c07040b51277dc7f5e775\Library\PackageCache\com.unity.xr.oculus@1.6.1\Runtime\OculusLoader.cs:242 
  at Unity.XR.Oculus.OculusLoader.EditorLoadOVRPlugin () [0x0007b] in C:\Users\13854\AppData\Local\Temp\778681fc518c07040b51277dc7f5e775\Library\PackageCache\com.unity.xr.oculus@1.6.1\Runtime\OculusLoader.cs:227 

(Filename: Library/PackageCache/com.unity.xr.oculus@1.6.1/Runtime/OculusLoader.cs Line: 242)

Mono: successfully reloaded assembly
- Completed reload, in  2.829 seconds
Platform modules already initialized, skipping
========================================================================
Worker process is ready to serve import requests
Shader 'Universal Render Pipeline/Particles/Lit': fallback shader 'Universal Render Pipeline/Particles/SimpleLit' not found
Launched and connected shader compiler UnityShaderCompiler.exe after 0.16 seconds
Refreshing native plugins compatible for Editor in 1.31 ms, found 3 plugins.
Preloading 1 native plugins for Editor in 0.24 ms.
Unloading 3154 Unused Serialized files (Serialized files now loaded: 0)
System memory in use before: 136.8 MB.
System memory in use after: 137.0 MB.

Unloading 12 unused Assets to reduce memory usage. Loaded Objects now: 3596.
Total: 4.442600 ms (FindLiveObjects: 0.671800 ms CreateObjectMapping: 0.403800 ms MarkObjects: 3.263500 ms  DeleteObjects: 0.101500 ms)

========================================================================
Received Import Request.
  path: Assets/Readme.asset
  artifactKey: Guid(3ba1d07eed67b0049afc97a6f49a209a) Importer(815301076,1909f56bfc062723c751e8b465ee728b)
Start importing Assets/Readme.asset using Guid(3ba1d07eed67b0049afc97a6f49a209a) Importer(815301076,1909f56bfc062723c751e8b465ee728b)  -> (artifact id: '7618ccec3661fa6836b18891e4ccbf3c') in 0.049250 seconds
  Import took 0.056944 seconds .

AssetImportWorkerClient::OnTransportError - code=2 error=End of file
