Using pre-set license
Built from '2020.2/release' branch; Version is '2020.2.2f1 (068178b99f32) revision 426360'; Using compiler version '192528614'; Build Type 'Release'
OS: 'Windows 10 Home; OS build 18363.1316; Version 1909; 64bit' Language: 'en' Physical Memory: 16191 MB
BatchMode: 1, IsHumanControllingUs: 0, StartBugReporterOnCrash: 0, Is64bit: 1, IsPro: 0

 COMMAND LINE ARGUMENTS:
D:\UnityEditor\2020.2.2f1\Editor\Unity.exe
-adb2
-batchMode
-noUpm
-name
AssetImportWorker0
-projectPath
C:/Users/13854/Desktop/VR_Unity
-logFile
Logs/AssetImportWorker0.log
-srvPort
58864
Successfully changed project path to: C:/Users/13854/Desktop/VR_Unity
C:/Users/13854/Desktop/VR_Unity
Using Asset Import Pipeline V2.
Refreshing native plugins compatible for Editor in 86.60 ms, found 3 plugins.
Preloading 1 native plugins for Editor in 1.42 ms.
Initialize engine version: 2020.2.2f1 (068178b99f32)
[Subsystems] Discovering subsystems at path D:/UnityEditor/2020.2.2f1/Editor/Data/Resources/UnitySubsystems
[Subsystems] Discovering subsystems at path C:/Users/13854/Desktop/VR_Unity/Assets
GfxDevice: creating device client; threaded=0
Direct3D:
    Version:  Direct3D 11.0 [level 11.1]
    Renderer: NVIDIA GeForce GTX 1660 Ti (ID=0x2191)
    Vendor:   
    VRAM:     5991 MB
    Driver:   27.21.14.6140
Shader 'Universal Render Pipeline/Particles/Lit': fallback shader 'Universal Render Pipeline/Particles/SimpleLit' not found
Initialize mono
Mono path[0] = 'D:/UnityEditor/2020.2.2f1/Editor/Data/Managed'
Mono path[1] = 'D:/UnityEditor/2020.2.2f1/Editor/Data/MonoBleedingEdge/lib/mono/unityjit'
Mono config path = 'D:/UnityEditor/2020.2.2f1/Editor/Data/MonoBleedingEdge/etc'
Using monoOptions --debugger-agent=transport=dt_socket,embedding=1,server=y,suspend=n,address=127.0.0.1:56344
Begin MonoManager ReloadAssembly
Registering precompiled unity dll's ...
Register platform support module: D:/UnityEditor/2020.2.2f1/Editor/Data/PlaybackEngines/WebGLSupport/UnityEditor.WebGL.Extensions.dll
Register platform support module: D:/UnityEditor/2020.2.2f1/Editor/Data/PlaybackEngines/WindowsStandaloneSupport/UnityEditor.WindowsStandalone.Extensions.dll
Registered in 0.001742 seconds.
Native extension for WindowsStandalone target not found
Native extension for WebGL target not found
Refreshing native plugins compatible for Editor in 81.65 ms, found 3 plugins.
Preloading 1 native plugins for Editor in 0.21 ms.
Invoked RoslynAnalysisRunner static constructor.
RoslynAnalysisRunner will not be running.
RoslynAnalysisRunner has terminated.
Mono: successfully reloaded assembly
- Completed reload, in  2.485 seconds
Platform modules already initialized, skipping
Registering precompiled user dll's ...
Registered in 0.005746 seconds.
Begin MonoManager ReloadAssembly
Native extension for WindowsStandalone target not found
Native extension for WebGL target not found
Refreshing native plugins compatible for Editor in 104.30 ms, found 3 plugins.
Preloading 1 native plugins for Editor in 0.15 ms.
Invoked RoslynAnalysisRunner static constructor.
RoslynAnalysisRunner will not be running.
RoslynAnalysisRunner has terminated.
[XR] OculusXRPlugin: registering subsystems
[XR] Unable to register display lifecyle provider: [1]
[XR] Oculus Input lifecycle provider registered.
[XR] Unable to register input lifecyle provider: [1]
NullReferenceException: Object reference not set to an instance of an object
  at Unity.XR.Oculus.OculusLoader.AssetPathToAbsolutePath (System.String assetPath) [0x00048] in C:\Users\13854\Desktop\VR_Unity\Library\PackageCache\com.unity.xr.oculus@1.6.1\Runtime\OculusLoader.cs:242 
  at Unity.XR.Oculus.OculusLoader.EditorLoadOVRPlugin () [0x0007b] in C:\Users\13854\Desktop\VR_Unity\Library\PackageCache\com.unity.xr.oculus@1.6.1\Runtime\OculusLoader.cs:227 

(Filename: Library/PackageCache/com.unity.xr.oculus@1.6.1/Runtime/OculusLoader.cs Line: 242)

Mono: successfully reloaded assembly
- Completed reload, in  1.623 seconds
Platform modules already initialized, skipping
========================================================================
Worker process is ready to serve import requests
Shader 'Universal Render Pipeline/Particles/Lit': fallback shader 'Universal Render Pipeline/Particles/SimpleLit' not found
Launched and connected shader compiler UnityShaderCompiler.exe after 0.10 seconds
Refreshing native plugins compatible for Editor in 1.06 ms, found 3 plugins.
Preloading 1 native plugins for Editor in 0.18 ms.
Unloading 3160 Unused Serialized files (Serialized files now loaded: 0)
System memory in use before: 137.1 MB.
System memory in use after: 137.3 MB.

Unloading 12 unused Assets to reduce memory usage. Loaded Objects now: 3602.
Total: 4.365300 ms (FindLiveObjects: 0.525100 ms CreateObjectMapping: 0.210700 ms MarkObjects: 3.504700 ms  DeleteObjects: 0.122100 ms)

========================================================================
Received Import Request.
  path: Assets/VR Beginner/Prefabs/Tutorial/Fuse.prefab
  artifactKey: Guid(3341466b7de624346be882932da05b6d) Importer(815301076,1909f56bfc062723c751e8b465ee728b)
Start importing Assets/VR Beginner/Prefabs/Tutorial/Fuse.prefab using Guid(3341466b7de624346be882932da05b6d) Importer(815301076,1909f56bfc062723c751e8b465ee728b)  -> (artifact id: '4920561c81b5d6ac181a7a3ef45a00dc') in 0.098498 seconds
  Import took 0.105400 seconds .

========================================================================
Received Import Request.
  Time since last request: 0.000398 seconds.
  path: Assets/VR Beginner/Prefabs/Tutorial/HandProto.prefab
  artifactKey: Guid(3467bca67fe9c5c49bc35b025f5814ee) Importer(815301076,1909f56bfc062723c751e8b465ee728b)
Start importing Assets/VR Beginner/Prefabs/Tutorial/HandProto.prefab using Guid(3467bca67fe9c5c49bc35b025f5814ee) Importer(815301076,1909f56bfc062723c751e8b465ee728b)  -> (artifact id: '10dc892f896692b89032bbe7d897307c') in 0.779410 seconds
  Import took 0.787933 seconds .

========================================================================
Received Import Request.
  Time since last request: 0.000351 seconds.
  path: Assets/VR Beginner/Prefabs/Tutorial/TeleporterBase.prefab
  artifactKey: Guid(321c75abba1ac9940b4193b057edc132) Importer(815301076,1909f56bfc062723c751e8b465ee728b)
Start importing Assets/VR Beginner/Prefabs/Tutorial/TeleporterBase.prefab using Guid(321c75abba1ac9940b4193b057edc132) Importer(815301076,1909f56bfc062723c751e8b465ee728b)  -> (artifact id: '55b8173e48bad827ec8d7f00703ba692') in 0.080297 seconds
  Import took 0.089515 seconds .

========================================================================
Received Import Request.
  Time since last request: 0.000308 seconds.
  path: Assets/VR Beginner/Prefabs/Tutorial/Fusebox.prefab
  artifactKey: Guid(9d10edaecc9279d41baf1d5e360afc08) Importer(815301076,1909f56bfc062723c751e8b465ee728b)
Start importing Assets/VR Beginner/Prefabs/Tutorial/Fusebox.prefab using Guid(9d10edaecc9279d41baf1d5e360afc08) Importer(815301076,1909f56bfc062723c751e8b465ee728b)  -> (artifact id: '09a55fd1965f29191a0c934ac320a480') in 1.428155 seconds
  Import took 1.436389 seconds .

========================================================================
Received Import Request.
  Time since last request: 0.000242 seconds.
  path: Assets/VR Beginner/Prefabs/Tutorial/TeleporterBase.prefab
  artifactKey: Guid(321c75abba1ac9940b4193b057edc132) Importer(815301076,1909f56bfc062723c751e8b465ee728b)
Start importing Assets/VR Beginner/Prefabs/Tutorial/TeleporterBase.prefab using Guid(321c75abba1ac9940b4193b057edc132) Importer(815301076,1909f56bfc062723c751e8b465ee728b)  -> (artifact id: '55b8173e48bad827ec8d7f00703ba692') in 0.034147 seconds
  Import took 0.041479 seconds .

========================================================================
Received Import Request.
  Time since last request: 212.055416 seconds.
  path: Assets/VR Beginner/Prefabs/Tutorial/Objects
  artifactKey: Guid(67ea8dbc2e00efc459ba3c0705e9914f) Importer(815301076,1909f56bfc062723c751e8b465ee728b)
Start importing Assets/VR Beginner/Prefabs/Tutorial/Objects using Guid(67ea8dbc2e00efc459ba3c0705e9914f) Importer(815301076,1909f56bfc062723c751e8b465ee728b)  -> (artifact id: '43ed299e22f13a8157d2ce84b5541387') in 0.005174 seconds
  Import took 0.013987 seconds .

========================================================================
Received Import Request.
  Time since last request: 0.002606 seconds.
  path: Assets/VR Beginner/Prefabs/Tutorial/Objects
  artifactKey: Guid(67ea8dbc2e00efc459ba3c0705e9914f) Importer(815301076,1909f56bfc062723c751e8b465ee728b)
Start importing Assets/VR Beginner/Prefabs/Tutorial/Objects using Guid(67ea8dbc2e00efc459ba3c0705e9914f) Importer(815301076,1909f56bfc062723c751e8b465ee728b)  -> (artifact id: '43ed299e22f13a8157d2ce84b5541387') in 0.004455 seconds
  Import took 0.011762 seconds .

========================================================================
Received Import Request.
  Time since last request: 0.079511 seconds.
  path: Assets/VR Beginner/Prefabs/Tutorial/Objects/BubbleGun.prefab
  artifactKey: Guid(86f1e130be26d544cb16ee5ce13847c4) Importer(815301076,1909f56bfc062723c751e8b465ee728b)
Start importing Assets/VR Beginner/Prefabs/Tutorial/Objects/BubbleGun.prefab using Guid(86f1e130be26d544cb16ee5ce13847c4) Importer(815301076,1909f56bfc062723c751e8b465ee728b)  -> (artifact id: '560d9a862adeeae44f487fb4b8b394b6') in 2.592319 seconds
  Import took 2.599877 seconds .

========================================================================
Received Import Request.
  Time since last request: 0.000290 seconds.
  path: Assets/VR Beginner/Prefabs/Tutorial/Objects/LaserPointer.prefab
  artifactKey: Guid(f6c01721d5610d94db6a04110a48ad53) Importer(815301076,1909f56bfc062723c751e8b465ee728b)
Start importing Assets/VR Beginner/Prefabs/Tutorial/Objects/LaserPointer.prefab using Guid(f6c01721d5610d94db6a04110a48ad53) Importer(815301076,1909f56bfc062723c751e8b465ee728b)  -> (artifact id: '2b7fce07f385b355a5264a33634d6688') in 0.139728 seconds
  Import took 0.147370 seconds .

========================================================================
Received Import Request.
  Time since last request: 0.000406 seconds.
  path: Assets/VR Beginner/Prefabs/Tutorial/Objects/Fan.prefab
  artifactKey: Guid(8706b42d17b2b03439d3840f59327776) Importer(815301076,1909f56bfc062723c751e8b465ee728b)
Start importing Assets/VR Beginner/Prefabs/Tutorial/Objects/Fan.prefab using Guid(8706b42d17b2b03439d3840f59327776) Importer(815301076,1909f56bfc062723c751e8b465ee728b)  -> (artifact id: 'aaa24f9612cf39d5ce30e675a78392fa') in 0.149009 seconds
  Import took 0.157257 seconds .

========================================================================
Received Import Request.
  Time since last request: 0.000283 seconds.
  path: Assets/VR Beginner/Prefabs/Tutorial/Objects/Toothbrush.prefab
  artifactKey: Guid(2fa3a24ccec0b0f45b97019c1c2992c9) Importer(815301076,1909f56bfc062723c751e8b465ee728b)
Start importing Assets/VR Beginner/Prefabs/Tutorial/Objects/Toothbrush.prefab using Guid(2fa3a24ccec0b0f45b97019c1c2992c9) Importer(815301076,1909f56bfc062723c751e8b465ee728b)  -> (artifact id: '6fa76ec41b8e30faa86dde88cf36a9a4') in 0.107319 seconds
  Import took 0.114817 seconds .

========================================================================
Received Import Request.
  Time since last request: 423.622465 seconds.
  path: Assets/VR Beginner/Audio
  artifactKey: Guid(cf8b71ecd80afd443b6b99ab707101c6) Importer(815301076,1909f56bfc062723c751e8b465ee728b)
Start importing Assets/VR Beginner/Audio using Guid(cf8b71ecd80afd443b6b99ab707101c6) Importer(815301076,1909f56bfc062723c751e8b465ee728b)  -> (artifact id: '554b63a7c747b4403f5623fd45017cbf') in 0.004402 seconds
  Import took 0.012312 seconds .

========================================================================
Received Import Request.
  Time since last request: 0.073877 seconds.
  path: Assets/VR Beginner/Audio/FutzedBGMMarble.ogg
  artifactKey: Guid(2ac63100fedeaab429c0456b63297f09) Importer(815301076,1909f56bfc062723c751e8b465ee728b)
Start importing Assets/VR Beginner/Audio/FutzedBGMMarble.ogg using Guid(2ac63100fedeaab429c0456b63297f09) Importer(815301076,1909f56bfc062723c751e8b465ee728b)  -> (artifact id: '9848039b539df7f776137d6eef2be73f') in 0.309700 seconds
  Import took 0.316043 seconds .

========================================================================
Received Import Request.
  Time since last request: 0.000281 seconds.
  path: Assets/VR Beginner/Audio/SFXCauldronCreak01.ogg
  artifactKey: Guid(362b274e2f2d91b4bb1cd7556c435220) Importer(815301076,1909f56bfc062723c751e8b465ee728b)
Start importing Assets/VR Beginner/Audio/SFXCauldronCreak01.ogg using Guid(362b274e2f2d91b4bb1cd7556c435220) Importer(815301076,1909f56bfc062723c751e8b465ee728b)  -> (artifact id: 'f7c15fb867a4feda15b87b9c8c2c3aa3') in 0.011865 seconds
  Import took 0.018232 seconds .

========================================================================
Received Import Request.
  Time since last request: 0.000221 seconds.
  path: Assets/VR Beginner/Audio/SFXCauldronBubbles04.wav
  artifactKey: Guid(6115a09e3a85f5643b34ac304ab49344) Importer(815301076,1909f56bfc062723c751e8b465ee728b)
Start importing Assets/VR Beginner/Audio/SFXCauldronBubbles04.wav using Guid(6115a09e3a85f5643b34ac304ab49344) Importer(815301076,1909f56bfc062723c751e8b465ee728b)  -> (artifact id: '0897f58a1b7a2eb05b467658a7ddd9f8') in 0.014923 seconds
  Import took 0.020977 seconds .

========================================================================
Received Import Request.
  Time since last request: 0.000244 seconds.
  path: Assets/VR Beginner/Audio/FutzedRadioTuning.ogg
  artifactKey: Guid(39f47a5988aabfd418d4815b69cca7a8) Importer(815301076,1909f56bfc062723c751e8b465ee728b)
Start importing Assets/VR Beginner/Audio/FutzedRadioTuning.ogg using Guid(39f47a5988aabfd418d4815b69cca7a8) Importer(815301076,1909f56bfc062723c751e8b465ee728b)  -> (artifact id: '86e20ca9c8529ca47dd3df7afd35f869') in 0.012896 seconds
  Import took 0.020249 seconds .

========================================================================
Received Import Request.
  Time since last request: 0.000259 seconds.
  path: Assets/VR Beginner/Audio/SFXCauldronButton04.ogg
  artifactKey: Guid(2a611e09f0cdf184aa4ae24279f38efc) Importer(815301076,1909f56bfc062723c751e8b465ee728b)
Start importing Assets/VR Beginner/Audio/SFXCauldronButton04.ogg using Guid(2a611e09f0cdf184aa4ae24279f38efc) Importer(815301076,1909f56bfc062723c751e8b465ee728b)  -> (artifact id: '814d66cbcdf3f7fa5bd4709fe9ce8404') in 0.015794 seconds
  Import took 0.021704 seconds .

========================================================================
Received Import Request.
  Time since last request: 0.000262 seconds.
  path: Assets/VR Beginner/Audio/SFXCauldronButton06.ogg
  artifactKey: Guid(8ed980f6e06d512428418716cf0ba79a) Importer(815301076,1909f56bfc062723c751e8b465ee728b)
Start importing Assets/VR Beginner/Audio/SFXCauldronButton06.ogg using Guid(8ed980f6e06d512428418716cf0ba79a) Importer(815301076,1909f56bfc062723c751e8b465ee728b)  -> (artifact id: '00ec07d4fca24afec222572e903460ce') in 0.012873 seconds
  Import took 0.019579 seconds .

========================================================================
Received Import Request.
  Time since last request: 0.000283 seconds.
  path: Assets/VR Beginner/Audio/FutzedBGMPixelRPG.ogg
  artifactKey: Guid(593010e70058e0641b1941b87f5c8ca1) Importer(815301076,1909f56bfc062723c751e8b465ee728b)
Start importing Assets/VR Beginner/Audio/FutzedBGMPixelRPG.ogg using Guid(593010e70058e0641b1941b87f5c8ca1) Importer(815301076,1909f56bfc062723c751e8b465ee728b)  -> (artifact id: '854848a3fcd88964ea935df341142ad9') in 0.015851 seconds
  Import took 0.022981 seconds .

========================================================================
Received Import Request.
  Time since last request: 0.000220 seconds.
  path: Assets/VR Beginner/Audio/SFXCauldronButton03.ogg
  artifactKey: Guid(5e2c06615cb7d844894a2c1ca8087fdc) Importer(815301076,1909f56bfc062723c751e8b465ee728b)
Start importing Assets/VR Beginner/Audio/SFXCauldronButton03.ogg using Guid(5e2c06615cb7d844894a2c1ca8087fdc) Importer(815301076,1909f56bfc062723c751e8b465ee728b)  -> (artifact id: '145b8373bd1d391aa6dc132a8fa13f22') in 0.015761 seconds
  Import took 0.021727 seconds .

========================================================================
Received Import Request.
  Time since last request: 0.000282 seconds.
  path: Assets/VR Beginner/Audio/SFXCauldronBubbles02.wav
  artifactKey: Guid(0805da97cefa5ec42b4acac4092d9b6a) Importer(815301076,1909f56bfc062723c751e8b465ee728b)
Start importing Assets/VR Beginner/Audio/SFXCauldronBubbles02.wav using Guid(0805da97cefa5ec42b4acac4092d9b6a) Importer(815301076,1909f56bfc062723c751e8b465ee728b)  -> (artifact id: '7b2cf9ef03904ad67ed3a33e149558c1') in 0.021603 seconds
  Import took 0.028647 seconds .

========================================================================
Received Import Request.
  Time since last request: 0.000218 seconds.
  path: Assets/VR Beginner/Audio/FutzedBMGFPS.ogg
  artifactKey: Guid(5995d3fe9ccbef142ac8bae30f7ab246) Importer(815301076,1909f56bfc062723c751e8b465ee728b)
Start importing Assets/VR Beginner/Audio/FutzedBMGFPS.ogg using Guid(5995d3fe9ccbef142ac8bae30f7ab246) Importer(815301076,1909f56bfc062723c751e8b465ee728b)  -> (artifact id: 'f3c42dd2b79492b6a2ff23e4272fb3ca') in 0.022402 seconds
  Import took 0.028445 seconds .

========================================================================
Received Import Request.
  Time since last request: 0.000288 seconds.
  path: Assets/VR Beginner/Audio/SFXCauldronBubbleLoop.ogg
  artifactKey: Guid(f3def460b96abf440bbc45fa66d44c55) Importer(815301076,1909f56bfc062723c751e8b465ee728b)
Start importing Assets/VR Beginner/Audio/SFXCauldronBubbleLoop.ogg using Guid(f3def460b96abf440bbc45fa66d44c55) Importer(815301076,1909f56bfc062723c751e8b465ee728b)  -> (artifact id: '28f262d572f9297c9459107a17000121') in 0.016669 seconds
  Import took 0.022523 seconds .

========================================================================
Received Import Request.
  Time since last request: 0.000224 seconds.
  path: Assets/VR Beginner/Audio/SFXCauldronButton07.ogg
  artifactKey: Guid(6f02926f2a7661d4997569714f60463f) Importer(815301076,1909f56bfc062723c751e8b465ee728b)
Start importing Assets/VR Beginner/Audio/SFXCauldronButton07.ogg using Guid(6f02926f2a7661d4997569714f60463f) Importer(815301076,1909f56bfc062723c751e8b465ee728b)  -> (artifact id: '19ee9d6e01ab9d74ef2ec692bc976dfe') in 0.020749 seconds
  Import took 0.026880 seconds .

========================================================================
Received Import Request.
  Time since last request: 0.000238 seconds.
  path: Assets/VR Beginner/Audio/SFXAtmos.ogg
  artifactKey: Guid(258ec0352c1e835408b182b35f359e47) Importer(815301076,1909f56bfc062723c751e8b465ee728b)
Start importing Assets/VR Beginner/Audio/SFXAtmos.ogg using Guid(258ec0352c1e835408b182b35f359e47) Importer(815301076,1909f56bfc062723c751e8b465ee728b)  -> (artifact id: 'edfb8cf6c7cf52de39e31d197ee1f214') in 0.011870 seconds
  Import took 0.018007 seconds .

========================================================================
Received Import Request.
  Time since last request: 0.000259 seconds.
  path: Assets/VR Beginner/Audio/FutzedBGMMenu.ogg
  artifactKey: Guid(d51aefc06b28742469e421eef9a847f0) Importer(815301076,1909f56bfc062723c751e8b465ee728b)
Start importing Assets/VR Beginner/Audio/FutzedBGMMenu.ogg using Guid(d51aefc06b28742469e421eef9a847f0) Importer(815301076,1909f56bfc062723c751e8b465ee728b)  -> (artifact id: 'f2f82ae703623406504d2bedab204a4b') in 0.013338 seconds
  Import took 0.019727 seconds .

========================================================================
Received Import Request.
  Time since last request: 0.000277 seconds.
  path: Assets/VR Beginner/Audio/SFXCauldronBrew.ogg
  artifactKey: Guid(cc18a2c840bc944498125cc8e5d1ddb1) Importer(815301076,1909f56bfc062723c751e8b465ee728b)
Start importing Assets/VR Beginner/Audio/SFXCauldronBrew.ogg using Guid(cc18a2c840bc944498125cc8e5d1ddb1) Importer(815301076,1909f56bfc062723c751e8b465ee728b)  -> (artifact id: 'be3f6e286b121ea5be6ce91a9b2f6128') in 0.013411 seconds
  Import took 0.019828 seconds .

========================================================================
Received Import Request.
  Time since last request: 0.000347 seconds.
  path: Assets/VR Beginner/Audio/SFXCauldronButton08.ogg
  artifactKey: Guid(26555f76312e8464d9d591def198dd5f) Importer(815301076,1909f56bfc062723c751e8b465ee728b)
Start importing Assets/VR Beginner/Audio/SFXCauldronButton08.ogg using Guid(26555f76312e8464d9d591def198dd5f) Importer(815301076,1909f56bfc062723c751e8b465ee728b)  -> (artifact id: 'dea534898c00b808f65b8bd80155337d') in 0.012439 seconds
  Import took 0.018462 seconds .

========================================================================
Received Import Request.
  Time since last request: 0.000233 seconds.
  path: Assets/VR Beginner/Audio/SFXCauldronCreak02.ogg
  artifactKey: Guid(23d995a9ff50d1e4e96cee0d9e578811) Importer(815301076,1909f56bfc062723c751e8b465ee728b)
Start importing Assets/VR Beginner/Audio/SFXCauldronCreak02.ogg using Guid(23d995a9ff50d1e4e96cee0d9e578811) Importer(815301076,1909f56bfc062723c751e8b465ee728b)  -> (artifact id: '09baba8c3c6893904be3ca2bd8169f03') in 0.012688 seconds
  Import took 0.018886 seconds .

========================================================================
Received Import Request.
  Time since last request: 0.000252 seconds.
  path: Assets/VR Beginner/Audio/SFXChestLid.ogg
  artifactKey: Guid(451e7faaa340f5341bd134a304098adc) Importer(815301076,1909f56bfc062723c751e8b465ee728b)
Start importing Assets/VR Beginner/Audio/SFXChestLid.ogg using Guid(451e7faaa340f5341bd134a304098adc) Importer(815301076,1909f56bfc062723c751e8b465ee728b)  -> (artifact id: '6bcac3ee5eec2273a79e3b20d0019769') in 0.013349 seconds
  Import took 0.020123 seconds .

========================================================================
Received Import Request.
  Time since last request: 0.000302 seconds.
  path: Assets/VR Beginner/Audio/SFXCauldronButton01.ogg
  artifactKey: Guid(dde83f12004999e42a761ddfe8b6e5fd) Importer(815301076,1909f56bfc062723c751e8b465ee728b)
Start importing Assets/VR Beginner/Audio/SFXCauldronButton01.ogg using Guid(dde83f12004999e42a761ddfe8b6e5fd) Importer(815301076,1909f56bfc062723c751e8b465ee728b)  -> (artifact id: '102b2f11edd8f9437051c32bdf70c218') in 0.012248 seconds
  Import took 0.019962 seconds .

========================================================================
Received Import Request.
  Time since last request: 0.000264 seconds.
  path: Assets/VR Beginner/Audio/SFXCauldronButton05.ogg
  artifactKey: Guid(21e7f6427ab3ec64d94c1960eeb1f810) Importer(815301076,1909f56bfc062723c751e8b465ee728b)
Start importing Assets/VR Beginner/Audio/SFXCauldronButton05.ogg using Guid(21e7f6427ab3ec64d94c1960eeb1f810) Importer(815301076,1909f56bfc062723c751e8b465ee728b)  -> (artifact id: '3cf1c1a04c76a52f3007304d61100daf') in 0.011704 seconds
  Import took 0.017741 seconds .

========================================================================
Received Import Request.
  Time since last request: 0.000272 seconds.
  path: Assets/VR Beginner/Audio/SFXCauldronBubbles03.wav
  artifactKey: Guid(3e0897d7e60751d46836868bc32fd660) Importer(815301076,1909f56bfc062723c751e8b465ee728b)
Start importing Assets/VR Beginner/Audio/SFXCauldronBubbles03.wav using Guid(3e0897d7e60751d46836868bc32fd660) Importer(815301076,1909f56bfc062723c751e8b465ee728b)  -> (artifact id: '6b07f01fbd0599463837895492bbbf59') in 0.012268 seconds
  Import took 0.019980 seconds .

========================================================================
Received Import Request.
  Time since last request: 0.000292 seconds.
  path: Assets/VR Beginner/Audio/SFXBookOpens.ogg
  artifactKey: Guid(f3970f254a8e7774db3f46c61e95c151) Importer(815301076,1909f56bfc062723c751e8b465ee728b)
Start importing Assets/VR Beginner/Audio/SFXBookOpens.ogg using Guid(f3970f254a8e7774db3f46c61e95c151) Importer(815301076,1909f56bfc062723c751e8b465ee728b)  -> (artifact id: '2167cfc3ca1ac1d44cecda7a75810ae4') in 0.012609 seconds
  Import took 0.019876 seconds .

========================================================================
Received Import Request.
  Time since last request: 0.000219 seconds.
  path: Assets/VR Beginner/Audio/SFXCauldronDrain.ogg
  artifactKey: Guid(71bffc7420eac69418f1d516aa4d1f91) Importer(815301076,1909f56bfc062723c751e8b465ee728b)
Start importing Assets/VR Beginner/Audio/SFXCauldronDrain.ogg using Guid(71bffc7420eac69418f1d516aa4d1f91) Importer(815301076,1909f56bfc062723c751e8b465ee728b)  -> (artifact id: '676d3f5ead6c084342cec1456063f2e1') in 0.012381 seconds
  Import took 0.019152 seconds .

========================================================================
Received Import Request.
  Time since last request: 0.000232 seconds.
  path: Assets/VR Beginner/Audio/SFXCauldronButton02.ogg
  artifactKey: Guid(3785bef4b4d8bf74bb630d40dbf376a6) Importer(815301076,1909f56bfc062723c751e8b465ee728b)
Start importing Assets/VR Beginner/Audio/SFXCauldronButton02.ogg using Guid(3785bef4b4d8bf74bb630d40dbf376a6) Importer(815301076,1909f56bfc062723c751e8b465ee728b)  -> (artifact id: 'a2c578cd95c28524c4fcb9b1d8e48595') in 0.013366 seconds
  Import took 0.020508 seconds .

========================================================================
Received Import Request.
  Time since last request: 0.000255 seconds.
  path: Assets/VR Beginner/Audio/SFXCauldronBubbles01.wav
  artifactKey: Guid(986c52d55247fea4ab08fa9456e96e0f) Importer(815301076,1909f56bfc062723c751e8b465ee728b)
Start importing Assets/VR Beginner/Audio/SFXCauldronBubbles01.wav using Guid(986c52d55247fea4ab08fa9456e96e0f) Importer(815301076,1909f56bfc062723c751e8b465ee728b)  -> (artifact id: '3f324839250f9369f77d8a8f5d6efdd1') in 0.011448 seconds
  Import took 0.019086 seconds .

========================================================================
Received Import Request.
  Time since last request: 9.037290 seconds.
  path: Assets/VR Beginner/Audio/SFXCorkPop01.ogg
  artifactKey: Guid(6a98e81ed6ddd014297d709a3a596565) Importer(815301076,1909f56bfc062723c751e8b465ee728b)
Start importing Assets/VR Beginner/Audio/SFXCorkPop01.ogg using Guid(6a98e81ed6ddd014297d709a3a596565) Importer(815301076,1909f56bfc062723c751e8b465ee728b)  -> (artifact id: '88de9aa7b1c9bc508ae1e8dc604eaca5') in 0.013485 seconds
  Import took 0.020035 seconds .

========================================================================
Received Import Request.
  Time since last request: 0.000261 seconds.
  path: Assets/VR Beginner/Audio/SFXEscape.wav
  artifactKey: Guid(fd3bd321378413940b70e184d3689cf9) Importer(815301076,1909f56bfc062723c751e8b465ee728b)
Start importing Assets/VR Beginner/Audio/SFXEscape.wav using Guid(fd3bd321378413940b70e184d3689cf9) Importer(815301076,1909f56bfc062723c751e8b465ee728b)  -> (artifact id: '7c6b8c51eec38ea292862a1f35f1efcb') in 0.014972 seconds
  Import took 0.021232 seconds .

========================================================================
Received Import Request.
  Time since last request: 0.000233 seconds.
  path: Assets/VR Beginner/Audio/SFXDoorClosed.ogg
  artifactKey: Guid(ff0fbfed0f2fd2f47bc4dd8cd489f200) Importer(815301076,1909f56bfc062723c751e8b465ee728b)
Start importing Assets/VR Beginner/Audio/SFXDoorClosed.ogg using Guid(ff0fbfed0f2fd2f47bc4dd8cd489f200) Importer(815301076,1909f56bfc062723c751e8b465ee728b)  -> (artifact id: 'f7e167434d24d4ed79bccb0e4407f902') in 0.013398 seconds
  Import took 0.019235 seconds .

========================================================================
Received Import Request.
  Time since last request: 0.000235 seconds.
  path: Assets/VR Beginner/Audio/SFXCorkPop02.ogg
  artifactKey: Guid(bf3b6017f75ddfa41a9d9510453f637e) Importer(815301076,1909f56bfc062723c751e8b465ee728b)
Start importing Assets/VR Beginner/Audio/SFXCorkPop02.ogg using Guid(bf3b6017f75ddfa41a9d9510453f637e) Importer(815301076,1909f56bfc062723c751e8b465ee728b)  -> (artifact id: '3b848130561394a5566ea8b7725c059c') in 0.023652 seconds
  Import took 0.029906 seconds .

========================================================================
Received Import Request.
  Time since last request: 0.000231 seconds.
  path: Assets/VR Beginner/Audio/SFXDoorHumLoop.ogg
  artifactKey: Guid(c1b79e2e7fc73f449af3051fb3044efb) Importer(815301076,1909f56bfc062723c751e8b465ee728b)
Start importing Assets/VR Beginner/Audio/SFXDoorHumLoop.ogg using Guid(c1b79e2e7fc73f449af3051fb3044efb) Importer(815301076,1909f56bfc062723c751e8b465ee728b)  -> (artifact id: '84f2d15a96bcb1fe871ab2a17d66c596') in 0.021973 seconds
  Import took 0.027784 seconds .

========================================================================
Received Import Request.
  Time since last request: 0.000249 seconds.
  path: Assets/VR Beginner/Audio/SFXDoorOpen.ogg
  artifactKey: Guid(6078a4cd878c2364c91458e02ea0da26) Importer(815301076,1909f56bfc062723c751e8b465ee728b)
Start importing Assets/VR Beginner/Audio/SFXDoorOpen.ogg using Guid(6078a4cd878c2364c91458e02ea0da26) Importer(815301076,1909f56bfc062723c751e8b465ee728b)  -> (artifact id: 'ff62e66ca310bb8c4a4cac55a75519a2') in 0.022738 seconds
  Import took 0.028590 seconds .

========================================================================
Received Import Request.
  Time since last request: 0.000289 seconds.
  path: Assets/VR Beginner/Audio/SFXDrawerLoopExperimental.ogg
  artifactKey: Guid(ab32a067930a9a544b7d83d1641396f8) Importer(815301076,1909f56bfc062723c751e8b465ee728b)
Start importing Assets/VR Beginner/Audio/SFXDrawerLoopExperimental.ogg using Guid(ab32a067930a9a544b7d83d1641396f8) Importer(815301076,1909f56bfc062723c751e8b465ee728b)  -> (artifact id: '5219647c632c21abd23b868b7cb42673') in 0.027874 seconds
  Import took 0.034030 seconds .

========================================================================
Received Import Request.
  Time since last request: 0.000248 seconds.
  path: Assets/VR Beginner/Audio/SFXCrow.ogg
  artifactKey: Guid(f4de882d8ce51b444a87ca35061d9856) Importer(815301076,1909f56bfc062723c751e8b465ee728b)
Start importing Assets/VR Beginner/Audio/SFXCrow.ogg using Guid(f4de882d8ce51b444a87ca35061d9856) Importer(815301076,1909f56bfc062723c751e8b465ee728b)  -> (artifact id: '1225ac39a5bef8c1ca12af8b0e451e77') in 0.020916 seconds
  Import took 0.026708 seconds .

========================================================================
Received Import Request.
  Time since last request: 3.508383 seconds.
  path: Assets/VR Beginner/Audio/SFXFire.ogg
  artifactKey: Guid(c184d2b6c2965a4449fe96576f04fd52) Importer(815301076,1909f56bfc062723c751e8b465ee728b)
Start importing Assets/VR Beginner/Audio/SFXFire.ogg using Guid(c184d2b6c2965a4449fe96576f04fd52) Importer(815301076,1909f56bfc062723c751e8b465ee728b)  -> (artifact id: '86f44081f0719600339e8db07541691d') in 0.011333 seconds
  Import took 0.017436 seconds .

========================================================================
Received Import Request.
  Time since last request: 0.000241 seconds.
  path: Assets/VR Beginner/Audio/SFXFireFlare.ogg
  artifactKey: Guid(ef7745ffc6ddb304fbe9359f0386220e) Importer(815301076,1909f56bfc062723c751e8b465ee728b)
Start importing Assets/VR Beginner/Audio/SFXFireFlare.ogg using Guid(ef7745ffc6ddb304fbe9359f0386220e) Importer(815301076,1909f56bfc062723c751e8b465ee728b)  -> (artifact id: '4bdc25272d2cf36240136637a4322c15') in 0.015194 seconds
  Import took 0.021549 seconds .

========================================================================
Received Import Request.
  Time since last request: 113.664306 seconds.
  path: Assets/TutorialCCDatabase.asset
  artifactKey: Guid(40fda6817656d4c4ab7db0cdd2527758) Importer(815301076,1909f56bfc062723c751e8b465ee728b)
Start importing Assets/TutorialCCDatabase.asset using Guid(40fda6817656d4c4ab7db0cdd2527758) Importer(815301076,1909f56bfc062723c751e8b465ee728b)  -> (artifact id: '5b30d7f4e50dba8d3f56be3a53bf25e2') in 0.008174 seconds
  Import took 0.015448 seconds .

========================================================================
Received Import Request.
  Time since last request: 46.701448 seconds.
  path: Assets/VR Beginner/Models/InstructionsGrabAndBook.fbx
  artifactKey: Guid(dcaeb88f6d06ff149abbb96a2471495e) Importer(815301076,1909f56bfc062723c751e8b465ee728b)
Start importing Assets/VR Beginner/Models/InstructionsGrabAndBook.fbx using Guid(dcaeb88f6d06ff149abbb96a2471495e) Importer(815301076,1909f56bfc062723c751e8b465ee728b)  -> (artifact id: '2d417170f86354220f7006cf9fa10994') in 2.917876 seconds
  Import took 2.924863 seconds .

========================================================================
Received Import Request.
  Time since last request: 0.000272 seconds.
  path: Assets/VR Beginner/Models/InstructionsIngredients.fbx
  artifactKey: Guid(b4a4f7336e1f91c40897a521e35cdc28) Importer(815301076,1909f56bfc062723c751e8b465ee728b)
Start importing Assets/VR Beginner/Models/InstructionsIngredients.fbx using Guid(b4a4f7336e1f91c40897a521e35cdc28) Importer(815301076,1909f56bfc062723c751e8b465ee728b)  -> (artifact id: '196379622f1a451c3d9571b324ed2f0b') in 0.328308 seconds
  Import took 0.334763 seconds .

========================================================================
Received Import Request.
  Time since last request: 0.000244 seconds.
  path: Assets/VR Beginner/Models/InstructionsShootingWand.fbx
  artifactKey: Guid(7413fc233ac77474b800b213c507aaa7) Importer(815301076,1909f56bfc062723c751e8b465ee728b)
Start importing Assets/VR Beginner/Models/InstructionsShootingWand.fbx using Guid(7413fc233ac77474b800b213c507aaa7) Importer(815301076,1909f56bfc062723c751e8b465ee728b)  -> (artifact id: 'b2eac9ee24e784f1fb42813166f63469') in 0.245710 seconds
  Import took 0.251721 seconds .

========================================================================
Received Import Request.
  Time since last request: 319.793028 seconds.
  path: Assets/VR Beginner
  artifactKey: Guid(bf90c63b4b31b0540909a010025777b7) Importer(815301076,1909f56bfc062723c751e8b465ee728b)
Start importing Assets/VR Beginner using Guid(bf90c63b4b31b0540909a010025777b7) Importer(815301076,1909f56bfc062723c751e8b465ee728b)  -> (artifact id: '939a79fa93aa29c481615435aa61f27f') in 0.005006 seconds
  Import took 0.011850 seconds .

========================================================================
Received Import Request.
  Time since last request: 3.921389 seconds.
  path: Assets/VR Beginner/Prefabs
  artifactKey: Guid(4e7f690001c11254797d08696ea41c86) Importer(815301076,1909f56bfc062723c751e8b465ee728b)
Start importing Assets/VR Beginner/Prefabs using Guid(4e7f690001c11254797d08696ea41c86) Importer(815301076,1909f56bfc062723c751e8b465ee728b)  -> (artifact id: '8daafa527cf4ac437f44d4bc61aee354') in 0.004203 seconds
  Import took 0.010750 seconds .

========================================================================
Received Import Request.
  Time since last request: 99.730595 seconds.
  path: Assets/VR Beginner/Prefabs/System
  artifactKey: Guid(7268a82bd36b6f94b8ce9d4b42c502c5) Importer(815301076,1909f56bfc062723c751e8b465ee728b)
Start importing Assets/VR Beginner/Prefabs/System using Guid(7268a82bd36b6f94b8ce9d4b42c502c5) Importer(815301076,1909f56bfc062723c751e8b465ee728b)  -> (artifact id: 'c363491b1a8998e89afc824d026d721c') in 0.005553 seconds
  Import took 0.014294 seconds .

========================================================================
Received Import Request.
  Time since last request: 0.053833 seconds.
  path: Assets/VR Beginner/Prefabs/System/CCCanvas.prefab
  artifactKey: Guid(3af81b2bb22b60348b47e8d0605411fe) Importer(815301076,1909f56bfc062723c751e8b465ee728b)
Start importing Assets/VR Beginner/Prefabs/System/CCCanvas.prefab using Guid(3af81b2bb22b60348b47e8d0605411fe) Importer(815301076,1909f56bfc062723c751e8b465ee728b)  -> (artifact id: '953c1fcf4938b5c0c18cc3485327585a') in 0.019839 seconds
  Import took 0.026577 seconds .

========================================================================
Received Import Request.
  Time since last request: 0.000340 seconds.
  path: Assets/VR Beginner/Prefabs/System/SFXplayer.prefab
  artifactKey: Guid(26b18545daec92646a05473136a2183a) Importer(815301076,1909f56bfc062723c751e8b465ee728b)
Start importing Assets/VR Beginner/Prefabs/System/SFXplayer.prefab using Guid(26b18545daec92646a05473136a2183a) Importer(815301076,1909f56bfc062723c751e8b465ee728b)  -> (artifact id: 'ddabd23823f439a34d662cc6d40ba07b') in 0.009566 seconds
  Import took 0.017019 seconds .

========================================================================
Received Import Request.
  Time since last request: 0.000294 seconds.
  path: Assets/VR Beginner/Prefabs/System/CCSystem.prefab
  artifactKey: Guid(358b0eb736b06da40986b005d9aa1146) Importer(815301076,1909f56bfc062723c751e8b465ee728b)
Start importing Assets/VR Beginner/Prefabs/System/CCSystem.prefab using Guid(358b0eb736b06da40986b005d9aa1146) Importer(815301076,1909f56bfc062723c751e8b465ee728b)  -> (artifact id: 'be98cf4c124f647bd502a6b787ba67f4') in 0.048044 seconds
  Import took 0.055835 seconds .

========================================================================
Received Import Request.
  Time since last request: 0.000295 seconds.
  path: Assets/VR Beginner/Prefabs/System/XR Rig.prefab
  artifactKey: Guid(d45e8a6999317d2428a51593da44d3ab) Importer(815301076,1909f56bfc062723c751e8b465ee728b)
Start importing Assets/VR Beginner/Prefabs/System/XR Rig.prefab using Guid(d45e8a6999317d2428a51593da44d3ab) Importer(815301076,1909f56bfc062723c751e8b465ee728b)  -> (artifact id: 'b50b9c9352ef01ce9fbef6110c016e30') in 0.087854 seconds
  Import took 0.095754 seconds .

========================================================================
Received Import Request.
  Time since last request: 0.000247 seconds.
  path: Assets/VR Beginner/Prefabs/System/CCIndicator.prefab
  artifactKey: Guid(e391440c91e82f8459029f1bce8f6fc2) Importer(815301076,1909f56bfc062723c751e8b465ee728b)
Start importing Assets/VR Beginner/Prefabs/System/CCIndicator.prefab using Guid(e391440c91e82f8459029f1bce8f6fc2) Importer(815301076,1909f56bfc062723c751e8b465ee728b)  -> (artifact id: '691bf19222b54b429bebe4eb262d3111') in 0.008060 seconds
  Import took 0.014745 seconds .

========================================================================
Received Import Request.
  Time since last request: 114.449305 seconds.
  path: Assets/VR Beginner/Audio/SFXImpactBooks01.ogg
  artifactKey: Guid(5a4cd35a425a3364aadb3fa808a3f3d9) Importer(815301076,1909f56bfc062723c751e8b465ee728b)
Start importing Assets/VR Beginner/Audio/SFXImpactBooks01.ogg using Guid(5a4cd35a425a3364aadb3fa808a3f3d9) Importer(815301076,1909f56bfc062723c751e8b465ee728b)  -> (artifact id: '311728c505eaf6956f93dd1ea9a549f3') in 0.012489 seconds
  Import took 0.018131 seconds .

========================================================================
Received Import Request.
  Time since last request: 0.000250 seconds.
  path: Assets/VR Beginner/Audio/SFXImpactHeavy04.ogg
  artifactKey: Guid(ef2663bec11889c428b2e990047067fc) Importer(815301076,1909f56bfc062723c751e8b465ee728b)
Start importing Assets/VR Beginner/Audio/SFXImpactHeavy04.ogg using Guid(ef2663bec11889c428b2e990047067fc) Importer(815301076,1909f56bfc062723c751e8b465ee728b)  -> (artifact id: 'e9403ae3a9136ecfbbf5991a994ec5ea') in 0.016080 seconds
  Import took 0.022584 seconds .

========================================================================
Received Import Request.
  Time since last request: 0.000256 seconds.
  path: Assets/VR Beginner/Audio/SFXImpactDrawer03.ogg
  artifactKey: Guid(06e137ed6aae03447a113745e2dd015a) Importer(815301076,1909f56bfc062723c751e8b465ee728b)
Start importing Assets/VR Beginner/Audio/SFXImpactDrawer03.ogg using Guid(06e137ed6aae03447a113745e2dd015a) Importer(815301076,1909f56bfc062723c751e8b465ee728b)  -> (artifact id: 'eb7e7a4664b1e3d1a2eaa28587c71588') in 0.014115 seconds
  Import took 0.020409 seconds .

========================================================================
Received Import Request.
  Time since last request: 0.000371 seconds.
  path: Assets/VR Beginner/Audio/SFXImpactLog03.ogg
  artifactKey: Guid(791539fbf0218d74584f4ed16c1e82af) Importer(815301076,1909f56bfc062723c751e8b465ee728b)
Start importing Assets/VR Beginner/Audio/SFXImpactLog03.ogg using Guid(791539fbf0218d74584f4ed16c1e82af) Importer(815301076,1909f56bfc062723c751e8b465ee728b)  -> (artifact id: '732bc5dcb3ec531d550219a721ec7be1') in 0.014672 seconds
  Import took 0.021855 seconds .

========================================================================
Received Import Request.
  Time since last request: 0.000238 seconds.
  path: Assets/VR Beginner/Audio/SFXImpactGlass02.ogg
  artifactKey: Guid(f904124dfe2b8f94eb34729931f321b9) Importer(815301076,1909f56bfc062723c751e8b465ee728b)
Start importing Assets/VR Beginner/Audio/SFXImpactGlass02.ogg using Guid(f904124dfe2b8f94eb34729931f321b9) Importer(815301076,1909f56bfc062723c751e8b465ee728b)  -> (artifact id: '9b942473121b6e53308a8089100b68df') in 0.017316 seconds
  Import took 0.023535 seconds .

========================================================================
Received Import Request.
  Time since last request: 0.000268 seconds.
  path: Assets/VR Beginner/Audio/SFXImpactGlass03.ogg
  artifactKey: Guid(37991cf3b310d194dafe0b577f2bed19) Importer(815301076,1909f56bfc062723c751e8b465ee728b)
Start importing Assets/VR Beginner/Audio/SFXImpactGlass03.ogg using Guid(37991cf3b310d194dafe0b577f2bed19) Importer(815301076,1909f56bfc062723c751e8b465ee728b)  -> (artifact id: '9f537539690012170f731c6f26ce3acf') in 0.015866 seconds
  Import took 0.022462 seconds .

========================================================================
Received Import Request.
  Time since last request: 0.000407 seconds.
  path: Assets/VR Beginner/Audio/SFXImpactHeavy02.ogg
  artifactKey: Guid(cb9c766249a53f94882893cd9d551dc8) Importer(815301076,1909f56bfc062723c751e8b465ee728b)
Start importing Assets/VR Beginner/Audio/SFXImpactHeavy02.ogg using Guid(cb9c766249a53f94882893cd9d551dc8) Importer(815301076,1909f56bfc062723c751e8b465ee728b)  -> (artifact id: 'f5065201fcb7acc87708a0d2e237f3fd') in 0.015777 seconds
  Import took 0.021885 seconds .

========================================================================
Received Import Request.
  Time since last request: 0.000240 seconds.
  path: Assets/VR Beginner/Audio/SFXImpactSoft02.ogg
  artifactKey: Guid(698723fe94cb4964fb9e7e5aea60b03f) Importer(815301076,1909f56bfc062723c751e8b465ee728b)
Start importing Assets/VR Beginner/Audio/SFXImpactSoft02.ogg using Guid(698723fe94cb4964fb9e7e5aea60b03f) Importer(815301076,1909f56bfc062723c751e8b465ee728b)  -> (artifact id: '5e9e7be7d23a6b35d9ba3f191a6086a3') in 0.012609 seconds
  Import took 0.019261 seconds .

========================================================================
Received Import Request.
  Time since last request: 0.000306 seconds.
  path: Assets/VR Beginner/Audio/SFXImpactGlass01.ogg
  artifactKey: Guid(aeecee88fe4ea95438b8294d67e1ad93) Importer(815301076,1909f56bfc062723c751e8b465ee728b)
Start importing Assets/VR Beginner/Audio/SFXImpactGlass01.ogg using Guid(aeecee88fe4ea95438b8294d67e1ad93) Importer(815301076,1909f56bfc062723c751e8b465ee728b)  -> (artifact id: 'a04d480c40491f912ad58088af906285') in 0.016454 seconds
  Import took 0.023266 seconds .

========================================================================
Received Import Request.
  Time since last request: 0.000294 seconds.
  path: Assets/VR Beginner/Audio/SFXImpactSoft04.ogg
  artifactKey: Guid(265b976ddc682714d9a91ef26e3a56a8) Importer(815301076,1909f56bfc062723c751e8b465ee728b)
Start importing Assets/VR Beginner/Audio/SFXImpactSoft04.ogg using Guid(265b976ddc682714d9a91ef26e3a56a8) Importer(815301076,1909f56bfc062723c751e8b465ee728b)  -> (artifact id: 'c01c03e4ee84dc94b0bcb755c8ee9aba') in 0.012455 seconds
  Import took 0.019349 seconds .

========================================================================
Received Import Request.
  Time since last request: 0.000280 seconds.
  path: Assets/VR Beginner/Audio/SFXImpactSoft03.ogg
  artifactKey: Guid(8cc71be63fa30a8419e2e07ffcdba8c1) Importer(815301076,1909f56bfc062723c751e8b465ee728b)
Start importing Assets/VR Beginner/Audio/SFXImpactSoft03.ogg using Guid(8cc71be63fa30a8419e2e07ffcdba8c1) Importer(815301076,1909f56bfc062723c751e8b465ee728b)  -> (artifact id: '3afec8dbd09576bd34d7b8734ea41421') in 0.020457 seconds
  Import took 0.027083 seconds .

========================================================================
Received Import Request.
  Time since last request: 0.000246 seconds.
  path: Assets/VR Beginner/Audio/SFXImpactGlass04.ogg
  artifactKey: Guid(b67b5a0c64ab34e43aca3ac3aa4b1477) Importer(815301076,1909f56bfc062723c751e8b465ee728b)
Start importing Assets/VR Beginner/Audio/SFXImpactGlass04.ogg using Guid(b67b5a0c64ab34e43aca3ac3aa4b1477) Importer(815301076,1909f56bfc062723c751e8b465ee728b)  -> (artifact id: 'bc98366cdb261f451a1b468a6faac453') in 0.014541 seconds
  Import took 0.022198 seconds .

========================================================================
Received Import Request.
  Time since last request: 0.000242 seconds.
  path: Assets/VR Beginner/Audio/SFXImpactLog02.ogg
  artifactKey: Guid(9149f8e7e15cde44c8442820cae0c004) Importer(815301076,1909f56bfc062723c751e8b465ee728b)
Start importing Assets/VR Beginner/Audio/SFXImpactLog02.ogg using Guid(9149f8e7e15cde44c8442820cae0c004) Importer(815301076,1909f56bfc062723c751e8b465ee728b)  -> (artifact id: '4968c14ec890beec8ab0e23267791da7') in 0.014753 seconds
  Import took 0.021285 seconds .

========================================================================
Received Import Request.
  Time since last request: 0.000331 seconds.
  path: Assets/VR Beginner/Audio/SFXImpactDrawer01.ogg
  artifactKey: Guid(8e39ccd7eed22a94d87f8dedd8c4d59e) Importer(815301076,1909f56bfc062723c751e8b465ee728b)
Start importing Assets/VR Beginner/Audio/SFXImpactDrawer01.ogg using Guid(8e39ccd7eed22a94d87f8dedd8c4d59e) Importer(815301076,1909f56bfc062723c751e8b465ee728b)  -> (artifact id: 'bc305ebd5c15b6d16697603154abb65c') in 0.013629 seconds
  Import took 0.020230 seconds .

========================================================================
Received Import Request.
  Time since last request: 0.000250 seconds.
  path: Assets/VR Beginner/Audio/SFXImpactBooks02.ogg
  artifactKey: Guid(a7cd600e47c255946a3597a75b184727) Importer(815301076,1909f56bfc062723c751e8b465ee728b)
Start importing Assets/VR Beginner/Audio/SFXImpactBooks02.ogg using Guid(a7cd600e47c255946a3597a75b184727) Importer(815301076,1909f56bfc062723c751e8b465ee728b)  -> (artifact id: '53a1647061c2d2ce30d6c5dd1f9c343f') in 0.016878 seconds
  Import took 0.023617 seconds .

========================================================================
Received Import Request.
  Time since last request: 0.000264 seconds.
  path: Assets/VR Beginner/Audio/SFXImpactLog01.ogg
  artifactKey: Guid(6b4bac90cc2b731469eec9b6ffcba5f1) Importer(815301076,1909f56bfc062723c751e8b465ee728b)
Start importing Assets/VR Beginner/Audio/SFXImpactLog01.ogg using Guid(6b4bac90cc2b731469eec9b6ffcba5f1) Importer(815301076,1909f56bfc062723c751e8b465ee728b)  -> (artifact id: 'fb749b318b780d48fe7ba7291baf1893') in 0.014089 seconds
  Import took 0.020450 seconds .

========================================================================
Received Import Request.
  Time since last request: 0.000222 seconds.
  path: Assets/VR Beginner/Audio/SFXImpactSoft01.ogg
  artifactKey: Guid(83d9659bbc3fb134a88248e4c847c0b1) Importer(815301076,1909f56bfc062723c751e8b465ee728b)
Start importing Assets/VR Beginner/Audio/SFXImpactSoft01.ogg using Guid(83d9659bbc3fb134a88248e4c847c0b1) Importer(815301076,1909f56bfc062723c751e8b465ee728b)  -> (artifact id: '3cfc6648bdc0ac7e49231b52065340a2') in 0.014535 seconds
  Import took 0.021543 seconds .

========================================================================
Received Import Request.
  Time since last request: 0.000239 seconds.
  path: Assets/VR Beginner/Audio/SFXImpactHeavy03.ogg
  artifactKey: Guid(6cc51a4bbc69b8146b6170eb6efeae2e) Importer(815301076,1909f56bfc062723c751e8b465ee728b)
Start importing Assets/VR Beginner/Audio/SFXImpactHeavy03.ogg using Guid(6cc51a4bbc69b8146b6170eb6efeae2e) Importer(815301076,1909f56bfc062723c751e8b465ee728b)  -> (artifact id: '2c10e37cb1bbf4d2da283b4de565c7c0') in 0.012609 seconds
  Import took 0.018599 seconds .

========================================================================
Received Import Request.
  Time since last request: 0.000285 seconds.
  path: Assets/VR Beginner/Audio/SFXImpactDrawer02.ogg
  artifactKey: Guid(5ab86be4873fb2b48bf32cd4c98a8633) Importer(815301076,1909f56bfc062723c751e8b465ee728b)
Start importing Assets/VR Beginner/Audio/SFXImpactDrawer02.ogg using Guid(5ab86be4873fb2b48bf32cd4c98a8633) Importer(815301076,1909f56bfc062723c751e8b465ee728b)  -> (artifact id: '8ff037ba850e159ef2c8329264bb76a9') in 0.011997 seconds
  Import took 0.019078 seconds .

========================================================================
Received Import Request.
  Time since last request: 0.000295 seconds.
  path: Assets/VR Beginner/Audio/SFXImpactHeavy01.ogg
  artifactKey: Guid(e28c90b3e8525e24e8ffcc0a5e81f376) Importer(815301076,1909f56bfc062723c751e8b465ee728b)
Start importing Assets/VR Beginner/Audio/SFXImpactHeavy01.ogg using Guid(e28c90b3e8525e24e8ffcc0a5e81f376) Importer(815301076,1909f56bfc062723c751e8b465ee728b)  -> (artifact id: '9004c4cd41efb816e7f72f8d055a828a') in 0.014917 seconds
  Import took 0.021857 seconds .

========================================================================
Received Import Request.
  Time since last request: 0.000237 seconds.
  path: Assets/VR Beginner/Audio/SFXImpactBooks03.ogg
  artifactKey: Guid(4ce3900ffcaff544eaa834c6ee9c5bb5) Importer(815301076,1909f56bfc062723c751e8b465ee728b)
Start importing Assets/VR Beginner/Audio/SFXImpactBooks03.ogg using Guid(4ce3900ffcaff544eaa834c6ee9c5bb5) Importer(815301076,1909f56bfc062723c751e8b465ee728b)  -> (artifact id: 'c54640a33bca5dc90b07403f425a45ee') in 0.013332 seconds
  Import took 0.020185 seconds .

========================================================================
Received Prepare
Shader 'Universal Render Pipeline/Particles/Lit': fallback shader 'Universal Render Pipeline/Particles/SimpleLit' not found
Refreshing native plugins compatible for Editor in 8.10 ms, found 3 plugins.
Preloading 1 native plugins for Editor in 0.25 ms.
Unloading 5 Unused Serialized files (Serialized files now loaded: 0)
System memory in use before: 101.6 MB.
System memory in use after: 101.9 MB.

Unloading 7 unused Assets to reduce memory usage. Loaded Objects now: 3685.
Total: 80.992600 ms (FindLiveObjects: 1.539600 ms CreateObjectMapping: 0.568600 ms MarkObjects: 78.806300 ms  DeleteObjects: 0.075300 ms)

========================================================================
Received Import Request.
  Time since last request: 2042.836554 seconds.
  path: Assets/VR Beginner/Prefabs/Stations
  artifactKey: Guid(e600fe4624bf1024395d5d18743fa65a) Importer(815301076,1909f56bfc062723c751e8b465ee728b)
Start importing Assets/VR Beginner/Prefabs/Stations using Guid(e600fe4624bf1024395d5d18743fa65a) Importer(815301076,1909f56bfc062723c751e8b465ee728b)  -> (artifact id: '1547fcfa80677bea487a13706d575a77') in 0.007355 seconds
  Import took 0.016276 seconds .

========================================================================
Received Import Request.
  Time since last request: 0.061431 seconds.
  path: Assets/VR Beginner/Prefabs/Stations/BookHolder.prefab
  artifactKey: Guid(8065d8971437c8d4f9ae6b7bdce5f2d1) Importer(815301076,1909f56bfc062723c751e8b465ee728b)
Start importing Assets/VR Beginner/Prefabs/Stations/BookHolder.prefab using Guid(8065d8971437c8d4f9ae6b7bdce5f2d1) Importer(815301076,1909f56bfc062723c751e8b465ee728b)  -> (artifact id: '3cd03d71446327061bbd137edbbe816b') in 0.256522 seconds
  Import took 0.263000 seconds .

========================================================================
Received Import Request.
  Time since last request: 0.000288 seconds.
  path: Assets/VR Beginner/Prefabs/Stations/Chest.prefab
  artifactKey: Guid(0d5fafde81cf5664b8cd5516d11976c1) Importer(815301076,1909f56bfc062723c751e8b465ee728b)
Start importing Assets/VR Beginner/Prefabs/Stations/Chest.prefab using Guid(0d5fafde81cf5664b8cd5516d11976c1) Importer(815301076,1909f56bfc062723c751e8b465ee728b)  -> (artifact id: '9f4c0b6948408e0ce51670959582add4') in 0.242854 seconds
  Import took 0.250253 seconds .

========================================================================
Received Import Request.
  Time since last request: 0.000328 seconds.
  path: Assets/VR Beginner/Prefabs/Stations/PotionSpawner.prefab
  artifactKey: Guid(34f60038cbdc1bc4cbcf03f80d58de66) Importer(815301076,1909f56bfc062723c751e8b465ee728b)
Start importing Assets/VR Beginner/Prefabs/Stations/PotionSpawner.prefab using Guid(34f60038cbdc1bc4cbcf03f80d58de66) Importer(815301076,1909f56bfc062723c751e8b465ee728b)  -> (artifact id: 'aa289b7592eedce56187e75a1e2ef09e') in 0.193183 seconds
  Import took 0.202746 seconds .

========================================================================
Received Import Request.
  Time since last request: 0.000282 seconds.
  path: Assets/VR Beginner/Prefabs/Stations/ExitDoorLock.prefab
  artifactKey: Guid(6d67d81d0c967a0468c682c56358b585) Importer(815301076,1909f56bfc062723c751e8b465ee728b)
Start importing Assets/VR Beginner/Prefabs/Stations/ExitDoorLock.prefab using Guid(6d67d81d0c967a0468c682c56358b585) Importer(815301076,1909f56bfc062723c751e8b465ee728b)  -> (artifact id: 'fcfc851c6992c56da5251c2b900c4099') in 0.270384 seconds
  Import took 0.277326 seconds .

========================================================================
Received Import Request.
  Time since last request: 0.000237 seconds.
  path: Assets/VR Beginner/Prefabs/Stations/Desk.prefab
  artifactKey: Guid(01a64cc768ea0434cb358614311e7565) Importer(815301076,1909f56bfc062723c751e8b465ee728b)
Start importing Assets/VR Beginner/Prefabs/Stations/Desk.prefab using Guid(01a64cc768ea0434cb358614311e7565) Importer(815301076,1909f56bfc062723c751e8b465ee728b)  -> (artifact id: 'db5bb01e3aa14ea9d7d212fc29de1e8a') in 1.383323 seconds
  Import took 1.392771 seconds .

========================================================================
Received Import Request.
  Time since last request: 0.000262 seconds.
  path: Assets/VR Beginner/Prefabs/Stations/Key.prefab
  artifactKey: Guid(8ae894f3be4faf94ca4007ccb752fec3) Importer(815301076,1909f56bfc062723c751e8b465ee728b)
Start importing Assets/VR Beginner/Prefabs/Stations/Key.prefab using Guid(8ae894f3be4faf94ca4007ccb752fec3) Importer(815301076,1909f56bfc062723c751e8b465ee728b)  -> (artifact id: '7becdb3fa7548c37b5a727834704daf4') in 0.164102 seconds
  Import took 0.171558 seconds .

========================================================================
Received Import Request.
  Time since last request: 0.000236 seconds.
  path: Assets/VR Beginner/Prefabs/Stations/ExitDoor.prefab
  artifactKey: Guid(837ee73cd60b7964cbaa4cad186161d9) Importer(815301076,1909f56bfc062723c751e8b465ee728b)
Start importing Assets/VR Beginner/Prefabs/Stations/ExitDoor.prefab using Guid(837ee73cd60b7964cbaa4cad186161d9) Importer(815301076,1909f56bfc062723c751e8b465ee728b)  -> (artifact id: '73b1bd492d52acecb00bbf9b86db3479') in 1.945345 seconds
  Import took 1.953225 seconds .

========================================================================
Received Import Request.
  Time since last request: 0.000262 seconds.
  path: Assets/VR Beginner/Prefabs/Stations/Cauldron.prefab
  artifactKey: Guid(8c9051b3ca2d4ed4d8d7a18f8cad0cc5) Importer(815301076,1909f56bfc062723c751e8b465ee728b)
Start importing Assets/VR Beginner/Prefabs/Stations/Cauldron.prefab using Guid(8c9051b3ca2d4ed4d8d7a18f8cad0cc5) Importer(815301076,1909f56bfc062723c751e8b465ee728b)  -> (artifact id: 'e1481129ff995fcd41ec494a56a9c43b') in 0.395570 seconds
  Import took 0.403800 seconds .

========================================================================
Received Import Request.
  Time since last request: 0.000221 seconds.
  path: Assets/VR Beginner/Prefabs/Stations/Kitchen.prefab
  artifactKey: Guid(89026add816f1f142b81b0985e4e79a9) Importer(815301076,1909f56bfc062723c751e8b465ee728b)
Start importing Assets/VR Beginner/Prefabs/Stations/Kitchen.prefab using Guid(89026add816f1f142b81b0985e4e79a9) Importer(815301076,1909f56bfc062723c751e8b465ee728b)  -> (artifact id: '1c327a08a67ca1693cfd1ce3dabd4125') in 0.166755 seconds
  Import took 0.173338 seconds .

========================================================================
Received Import Request.
  Time since last request: 0.000236 seconds.
  path: Assets/VR Beginner/Prefabs/Stations/BookHolderFinal.prefab
  artifactKey: Guid(762e3c2a45258ea4baa2ab45328a3243) Importer(815301076,1909f56bfc062723c751e8b465ee728b)
Start importing Assets/VR Beginner/Prefabs/Stations/BookHolderFinal.prefab using Guid(762e3c2a45258ea4baa2ab45328a3243) Importer(815301076,1909f56bfc062723c751e8b465ee728b)  -> (artifact id: '918bfe4e38773345a84d39dbcd48e822') in 0.129715 seconds
  Import took 0.135830 seconds .

========================================================================
Received Import Request.
  Time since last request: 0.288926 seconds.
  path: Assets/VR Beginner/Prefabs/PrototypeScene
  artifactKey: Guid(aa795e2d6f187c44b9e23530ffc755bd) Importer(815301076,1909f56bfc062723c751e8b465ee728b)
Start importing Assets/VR Beginner/Prefabs/PrototypeScene using Guid(aa795e2d6f187c44b9e23530ffc755bd) Importer(815301076,1909f56bfc062723c751e8b465ee728b)  -> (artifact id: '4da96a70ce88210225b6498e2f886cc9') in 0.004651 seconds
  Import took 0.011332 seconds .

========================================================================
Received Import Request.
  Time since last request: 0.039079 seconds.
  path: Assets/VR Beginner/Prefabs/PrototypeScene/BubbleGun.prefab
  artifactKey: Guid(eaa84f54f50e8884c80cfa5a47a92c44) Importer(815301076,1909f56bfc062723c751e8b465ee728b)
Start importing Assets/VR Beginner/Prefabs/PrototypeScene/BubbleGun.prefab using Guid(eaa84f54f50e8884c80cfa5a47a92c44) Importer(815301076,1909f56bfc062723c751e8b465ee728b)  -> (artifact id: '8759439a5780f9aca3d41710bdb19f74') in 0.154297 seconds
  Import took 0.162038 seconds .

========================================================================
Received Import Request.
  Time since last request: 0.000255 seconds.
  path: Assets/VR Beginner/Prefabs/PrototypeScene/Drill.prefab
  artifactKey: Guid(9bf1ea7e4e3a766428ef3f8802039887) Importer(815301076,1909f56bfc062723c751e8b465ee728b)
Start importing Assets/VR Beginner/Prefabs/PrototypeScene/Drill.prefab using Guid(9bf1ea7e4e3a766428ef3f8802039887) Importer(815301076,1909f56bfc062723c751e8b465ee728b)  -> (artifact id: 'b4d59d121edc9824f40b6c577a345e04') in 0.119418 seconds
  Import took 0.126880 seconds .

========================================================================
Received Import Request.
  Time since last request: 0.000278 seconds.
  path: Assets/VR Beginner/Prefabs/PrototypeScene/Remote Variant.prefab
  artifactKey: Guid(ec734f5a2f3e6a24fb51b9acac110b0c) Importer(815301076,1909f56bfc062723c751e8b465ee728b)
Start importing Assets/VR Beginner/Prefabs/PrototypeScene/Remote Variant.prefab using Guid(ec734f5a2f3e6a24fb51b9acac110b0c) Importer(815301076,1909f56bfc062723c751e8b465ee728b)  -> (artifact id: '0616149370c3589beb3631a9946c8d90') in 0.119465 seconds
  Import took 0.126691 seconds .

========================================================================
Received Import Request.
  Time since last request: 0.000253 seconds.
  path: Assets/VR Beginner/Prefabs/PrototypeScene/Flashlight.prefab
  artifactKey: Guid(3219c13bf087a7e4f9756cc8c9207b27) Importer(815301076,1909f56bfc062723c751e8b465ee728b)
Start importing Assets/VR Beginner/Prefabs/PrototypeScene/Flashlight.prefab using Guid(3219c13bf087a7e4f9756cc8c9207b27) Importer(815301076,1909f56bfc062723c751e8b465ee728b)  -> (artifact id: 'e954f94e65a61390dbc2f7d8d9dfd851') in 0.119145 seconds
  Import took 0.125679 seconds .

========================================================================
Received Import Request.
  Time since last request: 0.000243 seconds.
  path: Assets/VR Beginner/Prefabs/PrototypeScene/Fan.prefab
  artifactKey: Guid(84340939e88318240af73607a519a496) Importer(815301076,1909f56bfc062723c751e8b465ee728b)
Start importing Assets/VR Beginner/Prefabs/PrototypeScene/Fan.prefab using Guid(84340939e88318240af73607a519a496) Importer(815301076,1909f56bfc062723c751e8b465ee728b)  -> (artifact id: '35518c4e2901f6c501632dce745a6540') in 0.125850 seconds
  Import took 0.131896 seconds .

========================================================================
Received Import Request.
  Time since last request: 0.000242 seconds.
  path: Assets/VR Beginner/Prefabs/PrototypeScene/Toothbrush.prefab
  artifactKey: Guid(58e70592c837bbe4897359258333f245) Importer(815301076,1909f56bfc062723c751e8b465ee728b)
Start importing Assets/VR Beginner/Prefabs/PrototypeScene/Toothbrush.prefab using Guid(58e70592c837bbe4897359258333f245) Importer(815301076,1909f56bfc062723c751e8b465ee728b)  -> (artifact id: '91d465a9d26d38ec884393f1d28b444e') in 0.092715 seconds
  Import took 0.099389 seconds .

========================================================================
Received Import Request.
  Time since last request: 0.000266 seconds.
  path: Assets/VR Beginner/Prefabs/PrototypeScene/Kettle Variant.prefab
  artifactKey: Guid(b86e1f99a5d722c45a76f188ef813fd1) Importer(815301076,1909f56bfc062723c751e8b465ee728b)
Start importing Assets/VR Beginner/Prefabs/PrototypeScene/Kettle Variant.prefab using Guid(b86e1f99a5d722c45a76f188ef813fd1) Importer(815301076,1909f56bfc062723c751e8b465ee728b)  -> (artifact id: '953ddc0db63a41055e0f854c9f77307a') in 0.130159 seconds
  Import took 0.138650 seconds .

========================================================================
Received Import Request.
  Time since last request: 0.000266 seconds.
  path: Assets/VR Beginner/Prefabs/PrototypeScene/LaserPointer.prefab
  artifactKey: Guid(55abf0939fcfe064aa6e7063c0da9804) Importer(815301076,1909f56bfc062723c751e8b465ee728b)
Start importing Assets/VR Beginner/Prefabs/PrototypeScene/LaserPointer.prefab using Guid(55abf0939fcfe064aa6e7063c0da9804) Importer(815301076,1909f56bfc062723c751e8b465ee728b)  -> (artifact id: 'ee34dd2bc91713cddbbd7a80c769ea94') in 0.118660 seconds
  Import took 0.125666 seconds .

========================================================================
Received Import Request.
  Time since last request: 0.000239 seconds.
  path: Assets/VR Beginner/Prefabs/PrototypeScene/DimmerSwitch.prefab
  artifactKey: Guid(c4f2734a8b499614c86618f2504ba0be) Importer(815301076,1909f56bfc062723c751e8b465ee728b)
Start importing Assets/VR Beginner/Prefabs/PrototypeScene/DimmerSwitch.prefab using Guid(c4f2734a8b499614c86618f2504ba0be) Importer(815301076,1909f56bfc062723c751e8b465ee728b)  -> (artifact id: 'a439abeae7a9499757a8198a5dbe8e4e') in 0.087373 seconds
  Import took 0.094012 seconds .

========================================================================
Received Import Request.
  Time since last request: 0.000233 seconds.
  path: Assets/VR Beginner/Prefabs/PrototypeScene/Mug.prefab
  artifactKey: Guid(18d9bafd4e7591347b9751e6fdf1beb9) Importer(815301076,1909f56bfc062723c751e8b465ee728b)
Start importing Assets/VR Beginner/Prefabs/PrototypeScene/Mug.prefab using Guid(18d9bafd4e7591347b9751e6fdf1beb9) Importer(815301076,1909f56bfc062723c751e8b465ee728b)  -> (artifact id: '0644be0b0c5fb132c597d65308a7bab8') in 0.122603 seconds
  Import took 0.129045 seconds .

========================================================================
Received Import Request.
  Time since last request: 0.000260 seconds.
  path: Assets/VR Beginner/Prefabs/PrototypeScene/Hourglass.prefab
  artifactKey: Guid(eaee21068672cc04b8d79c2fc8506939) Importer(815301076,1909f56bfc062723c751e8b465ee728b)
Start importing Assets/VR Beginner/Prefabs/PrototypeScene/Hourglass.prefab using Guid(eaee21068672cc04b8d79c2fc8506939) Importer(815301076,1909f56bfc062723c751e8b465ee728b)  -> (artifact id: '9b98047dcb83f5f571649b6c09a0fbae') in 0.148735 seconds
  Import took 0.154814 seconds .

========================================================================
Received Import Request.
  Time since last request: 0.000236 seconds.
  path: Assets/VR Beginner/Prefabs/PrototypeScene/Radio.prefab
  artifactKey: Guid(42ef0afd77890574984e1344fcef2d98) Importer(815301076,1909f56bfc062723c751e8b465ee728b)
Start importing Assets/VR Beginner/Prefabs/PrototypeScene/Radio.prefab using Guid(42ef0afd77890574984e1344fcef2d98) Importer(815301076,1909f56bfc062723c751e8b465ee728b)  -> (artifact id: 'd3d8f8611a24079a5cb2da2f2350f2b1') in 0.146294 seconds
  Import took 0.152545 seconds .

========================================================================
Received Import Request.
  Time since last request: 0.000245 seconds.
  path: Assets/VR Beginner/Prefabs/PrototypeScene/TeleportationAnchorPrototype.prefab
  artifactKey: Guid(21a9b655c2d703344abc684145092a05) Importer(815301076,1909f56bfc062723c751e8b465ee728b)
Start importing Assets/VR Beginner/Prefabs/PrototypeScene/TeleportationAnchorPrototype.prefab using Guid(21a9b655c2d703344abc684145092a05) Importer(815301076,1909f56bfc062723c751e8b465ee728b)  -> (artifact id: 'f58bbc4c63fc82d122a23c3d92abc3ea') in 0.049606 seconds
  Import took 0.055882 seconds .

AssetImportWorkerClient::OnTransportError - code=2 error=End of file
